  arithGame.c
C:\Users\82104\source\repos\edu_game\edu_game\arithGame.c(37,10): warning C4098: 'arithGame': 'void' 함수에서 값을 반환하고 있습니다.
C:\Users\82104\source\repos\edu_game\edu_game\arithGame.c(21,3): warning C4996: 'scanf': This function or variable may be unsafe. Consider using scanf_s instead. To disable deprecation, use _CRT_SECURE_NO_WARNINGS. See online help for details.
C:\Users\82104\source\repos\edu_game\edu_game\arithGame.c(27,3): warning C4996: 'scanf': This function or variable may be unsafe. Consider using scanf_s instead. To disable deprecation, use _CRT_SECURE_NO_WARNINGS. See online help for details.
C:\Users\82104\source\repos\edu_game\edu_game\arithGame.c(46,17): warning C4244: '=': 'time_t'에서 'int'(으)로 변환하면서 데이터가 손실될 수 있습니다.
C:\Users\82104\source\repos\edu_game\edu_game\arithGame.c(49,16): warning C4244: '함수': 'time_t'에서 'unsigned int'(으)로 변환하면서 데이터가 손실될 수 있습니다.
C:\Users\82104\source\repos\edu_game\edu_game\arithGame.c(61,15): warning C4244: '=': 'time_t'에서 'int'(으)로 변환하면서 데이터가 손실될 수 있습니다.
C:\Users\82104\source\repos\edu_game\edu_game\arithGame.c(54,3): warning C4996: 'scanf': This function or variable may be unsafe. Consider using scanf_s instead. To disable deprecation, use _CRT_SECURE_NO_WARNINGS. See online help for details.
C:\Users\82104\source\repos\edu_game\edu_game\arithGame.c(81,17): warning C4244: '=': 'time_t'에서 'int'(으)로 변환하면서 데이터가 손실될 수 있습니다.
C:\Users\82104\source\repos\edu_game\edu_game\arithGame.c(84,16): warning C4244: '함수': 'time_t'에서 'unsigned int'(으)로 변환하면서 데이터가 손실될 수 있습니다.
C:\Users\82104\source\repos\edu_game\edu_game\arithGame.c(96,15): warning C4244: '=': 'time_t'에서 'int'(으)로 변환하면서 데이터가 손실될 수 있습니다.
C:\Users\82104\source\repos\edu_game\edu_game\arithGame.c(89,3): warning C4996: 'scanf': This function or variable may be unsafe. Consider using scanf_s instead. To disable deprecation, use _CRT_SECURE_NO_WARNINGS. See online help for details.
C:\Users\82104\source\repos\edu_game\edu_game\arithGame.c(115,17): warning C4244: '=': 'time_t'에서 'int'(으)로 변환하면서 데이터가 손실될 수 있습니다.
C:\Users\82104\source\repos\edu_game\edu_game\arithGame.c(118,16): warning C4244: '함수': 'time_t'에서 'unsigned int'(으)로 변환하면서 데이터가 손실될 수 있습니다.
C:\Users\82104\source\repos\edu_game\edu_game\arithGame.c(130,15): warning C4244: '=': 'time_t'에서 'int'(으)로 변환하면서 데이터가 손실될 수 있습니다.
C:\Users\82104\source\repos\edu_game\edu_game\arithGame.c(123,3): warning C4996: 'scanf': This function or variable may be unsafe. Consider using scanf_s instead. To disable deprecation, use _CRT_SECURE_NO_WARNINGS. See online help for details.
  edu_game.c
C:\Users\82104\source\repos\edu_game\edu_game\edu_game.c(19,4): warning C4996: 'scanf': This function or variable may be unsafe. Consider using scanf_s instead. To disable deprecation, use _CRT_SECURE_NO_WARNINGS. See online help for details.
  findSecret.c
C:\Users\82104\source\repos\edu_game\edu_game\findSecret.c(20,15): warning C4244: '함수': 'time_t'에서 'unsigned int'(으)로 변환하면서 데이터가 손실될 수 있습니다.
C:\Users\82104\source\repos\edu_game\edu_game\findSecret.c(24,17): warning C4244: '=': 'time_t'에서 'int'(으)로 변환하면서 데이터가 손실될 수 있습니다.
C:\Users\82104\source\repos\edu_game\edu_game\findSecret.c(37,15): warning C4244: '=': 'time_t'에서 'int'(으)로 변환하면서 데이터가 손실될 수 있습니다.
C:\Users\82104\source\repos\edu_game\edu_game\findSecret.c(48,10): warning C4098: 'findSecret': 'void' 함수에서 값을 반환하고 있습니다.
C:\Users\82104\source\repos\edu_game\edu_game\findSecret.c(17,3): warning C4996: 'scanf': This function or variable may be unsafe. Consider using scanf_s instead. To disable deprecation, use _CRT_SECURE_NO_WARNINGS. See online help for details.
C:\Users\82104\source\repos\edu_game\edu_game\findSecret.c(28,3): warning C4996: 'scanf': This function or variable may be unsafe. Consider using scanf_s instead. To disable deprecation, use _CRT_SECURE_NO_WARNINGS. See online help for details.
  코드를 생성하고 있습니다...
  edu_game.vcxproj -> C:\Users\82104\source\repos\edu_game\Debug\edu_game.exe
